{"C:\\Users\\rkati\\OneDrive\\Desktop\\foodapp\\Frontend\\food\\src\\Profile\\Addprofile.jsx": {"path":"C:\\Users\\rkati\\OneDrive\\Desktop\\foodapp\\Frontend\\food\\src\\Profile\\Addprofile.jsx","statementMap":{"0":{"start":{"line":7,"column":19},"end":{"line":56,"column":1}},"1":{"start":{"line":8,"column":26},"end":{"line":14,"column":4}},"2":{"start":{"line":17,"column":23},"end":{"line":19,"column":3}},"3":{"start":{"line":18,"column":4},"end":{"line":18,"column":58}},"4":{"start":{"line":21,"column":21},"end":{"line":41,"column":3}},"5":{"start":{"line":22,"column":4},"end":{"line":22,"column":23}},"6":{"start":{"line":23,"column":4},"end":{"line":40,"column":5}},"7":{"start":{"line":24,"column":6},"end":{"line":26,"column":9}},"8":{"start":{"line":27,"column":6},"end":{"line":33,"column":9}},"9":{"start":{"line":34,"column":6},"end":{"line":34,"column":52}},"10":{"start":{"line":35,"column":6},"end":{"line":35,"column":27}},"11":{"start":{"line":38,"column":6},"end":{"line":38,"column":35}},"12":{"start":{"line":39,"column":6},"end":{"line":39,"column":45}},"13":{"start":{"line":43,"column":2},"end":{"line":55,"column":4}}},"fnMap":{"0":{"name":"(anonymous_0)","decl":{"start":{"line":7,"column":19},"end":{"line":7,"column":20}},"loc":{"start":{"line":7,"column":25},"end":{"line":56,"column":1}},"line":7},"1":{"name":"(anonymous_1)","decl":{"start":{"line":17,"column":23},"end":{"line":17,"column":24}},"loc":{"start":{"line":17,"column":30},"end":{"line":19,"column":3}},"line":17},"2":{"name":"(anonymous_2)","decl":{"start":{"line":21,"column":21},"end":{"line":21,"column":22}},"loc":{"start":{"line":21,"column":34},"end":{"line":41,"column":3}},"line":21}},"branchMap":{},"s":{"0":2,"1":13,"2":13,"3":10,"4":13,"5":2,"6":2,"7":2,"8":1,"9":1,"10":1,"11":1,"12":1,"13":13},"f":{"0":13,"1":10,"2":2},"b":{},"_coverageSchema":"1a1c01bbd47fc00a2c39e90264f33305004495a9","hash":"0e179234286e6b31461123e442e022024aae0a16"}
,"C:\\Users\\rkati\\OneDrive\\Desktop\\foodapp\\Frontend\\food\\src\\Profile\\Editprofile.jsx": {"path":"C:\\Users\\rkati\\OneDrive\\Desktop\\foodapp\\Frontend\\food\\src\\Profile\\Editprofile.jsx","statementMap":{"0":{"start":{"line":7,"column":20},"end":{"line":94,"column":1}},"1":{"start":{"line":8,"column":34},"end":{"line":14,"column":4}},"2":{"start":{"line":16,"column":17},"end":{"line":16,"column":30}},"3":{"start":{"line":19,"column":2},"end":{"line":21,"column":9}},"4":{"start":{"line":20,"column":4},"end":{"line":20,"column":19}},"5":{"start":{"line":23,"column":23},"end":{"line":43,"column":3}},"6":{"start":{"line":24,"column":4},"end":{"line":42,"column":5}},"7":{"start":{"line":25,"column":18},"end":{"line":27,"column":8}},"8":{"start":{"line":30,"column":19},"end":{"line":30,"column":27}},"9":{"start":{"line":31,"column":6},"end":{"line":37,"column":9}},"10":{"start":{"line":40,"column":6},"end":{"line":40,"column":52}},"11":{"start":{"line":41,"column":6},"end":{"line":41,"column":43}},"12":{"start":{"line":45,"column":28},"end":{"line":48,"column":3}},"13":{"start":{"line":46,"column":28},"end":{"line":46,"column":36}},"14":{"start":{"line":47,"column":4},"end":{"line":47,"column":54}},"15":{"start":{"line":47,"column":25},"end":{"line":47,"column":51}},"16":{"start":{"line":50,"column":23},"end":{"line":61,"column":3}},"17":{"start":{"line":51,"column":4},"end":{"line":60,"column":5}},"18":{"start":{"line":52,"column":6},"end":{"line":54,"column":9}},"19":{"start":{"line":55,"column":6},"end":{"line":55,"column":51}},"20":{"start":{"line":56,"column":6},"end":{"line":56,"column":27}},"21":{"start":{"line":58,"column":6},"end":{"line":58,"column":54}},"22":{"start":{"line":59,"column":6},"end":{"line":59,"column":42}},"23":{"start":{"line":63,"column":2},"end":{"line":93,"column":4}},"24":{"start":{"line":69,"column":10},"end":{"line":69,"column":29}},"25":{"start":{"line":70,"column":10},"end":{"line":70,"column":25}},"26":{"start":{"line":96,"column":19},"end":{"line":109,"column":1}},"27":{"start":{"line":97,"column":2},"end":{"line":108,"column":8}}},"fnMap":{"0":{"name":"(anonymous_0)","decl":{"start":{"line":7,"column":20},"end":{"line":7,"column":21}},"loc":{"start":{"line":7,"column":26},"end":{"line":94,"column":1}},"line":7},"1":{"name":"(anonymous_1)","decl":{"start":{"line":19,"column":12},"end":{"line":19,"column":13}},"loc":{"start":{"line":19,"column":18},"end":{"line":21,"column":3}},"line":19},"2":{"name":"(anonymous_2)","decl":{"start":{"line":23,"column":23},"end":{"line":23,"column":24}},"loc":{"start":{"line":23,"column":35},"end":{"line":43,"column":3}},"line":23},"3":{"name":"(anonymous_3)","decl":{"start":{"line":45,"column":28},"end":{"line":45,"column":29}},"loc":{"start":{"line":45,"column":35},"end":{"line":48,"column":3}},"line":45},"4":{"name":"(anonymous_4)","decl":{"start":{"line":47,"column":16},"end":{"line":47,"column":17}},"loc":{"start":{"line":47,"column":25},"end":{"line":47,"column":51}},"line":47},"5":{"name":"(anonymous_5)","decl":{"start":{"line":50,"column":23},"end":{"line":50,"column":24}},"loc":{"start":{"line":50,"column":35},"end":{"line":61,"column":3}},"line":50},"6":{"name":"(anonymous_6)","decl":{"start":{"line":68,"column":18},"end":{"line":68,"column":19}},"loc":{"start":{"line":68,"column":25},"end":{"line":71,"column":9}},"line":68},"7":{"name":"(anonymous_7)","decl":{"start":{"line":96,"column":19},"end":{"line":96,"column":20}},"loc":{"start":{"line":97,"column":2},"end":{"line":108,"column":8}},"line":97}},"branchMap":{"0":{"loc":{"start":{"line":32,"column":19},"end":{"line":32,"column":39}},"type":"binary-expr","locations":[{"start":{"line":32,"column":19},"end":{"line":32,"column":33}},{"start":{"line":32,"column":37},"end":{"line":32,"column":39}}],"line":32},"1":{"loc":{"start":{"line":33,"column":15},"end":{"line":33,"column":31}},"type":"binary-expr","locations":[{"start":{"line":33,"column":15},"end":{"line":33,"column":25}},{"start":{"line":33,"column":29},"end":{"line":33,"column":31}}],"line":33},"2":{"loc":{"start":{"line":34,"column":15},"end":{"line":34,"column":31}},"type":"binary-expr","locations":[{"start":{"line":34,"column":15},"end":{"line":34,"column":25}},{"start":{"line":34,"column":29},"end":{"line":34,"column":31}}],"line":34},"3":{"loc":{"start":{"line":35,"column":17},"end":{"line":35,"column":35}},"type":"binary-expr","locations":[{"start":{"line":35,"column":17},"end":{"line":35,"column":29}},{"start":{"line":35,"column":33},"end":{"line":35,"column":35}}],"line":35},"4":{"loc":{"start":{"line":36,"column":23},"end":{"line":36,"column":47}},"type":"binary-expr","locations":[{"start":{"line":36,"column":23},"end":{"line":36,"column":41}},{"start":{"line":36,"column":45},"end":{"line":36,"column":47}}],"line":36},"5":{"loc":{"start":{"line":96,"column":52},"end":{"line":96,"column":65}},"type":"default-arg","locations":[{"start":{"line":96,"column":59},"end":{"line":96,"column":65}}],"line":96}},"s":{"0":1,"1":12,"2":12,"3":12,"4":5,"5":12,"6":5,"7":5,"8":5,"9":4,"10":1,"11":1,"12":12,"13":4,"14":4,"15":4,"16":12,"17":2,"18":2,"19":1,"20":1,"21":1,"22":1,"23":12,"24":2,"25":2,"26":1,"27":60},"f":{"0":12,"1":5,"2":5,"3":4,"4":4,"5":2,"6":2,"7":60},"b":{"0":[4,0],"1":[4,0],"2":[4,1],"3":[4,1],"4":[4,1],"5":[48]},"_coverageSchema":"1a1c01bbd47fc00a2c39e90264f33305004495a9","hash":"ec1fb2e3910d2b96b794919ed950bdac84c8d968"}
,"C:\\Users\\rkati\\OneDrive\\Desktop\\foodapp\\Frontend\\food\\src\\Profile\\UserProfile.jsx": {"path":"C:\\Users\\rkati\\OneDrive\\Desktop\\foodapp\\Frontend\\food\\src\\Profile\\UserProfile.jsx","statementMap":{"0":{"start":{"line":6,"column":20},"end":{"line":66,"column":1}},"1":{"start":{"line":7,"column":26},"end":{"line":7,"column":40}},"2":{"start":{"line":8,"column":19},"end":{"line":8,"column":32}},"3":{"start":{"line":10,"column":14},"end":{"line":10,"column":43}},"4":{"start":{"line":10,"column":20},"end":{"line":10,"column":43}},"5":{"start":{"line":11,"column":19},"end":{"line":11,"column":42}},"6":{"start":{"line":11,"column":25},"end":{"line":11,"column":42}},"7":{"start":{"line":13,"column":2},"end":{"line":28,"column":9}},"8":{"start":{"line":14,"column":20},"end":{"line":25,"column":5}},"9":{"start":{"line":15,"column":6},"end":{"line":24,"column":7}},"10":{"start":{"line":16,"column":20},"end":{"line":18,"column":10}},"11":{"start":{"line":19,"column":8},"end":{"line":19,"column":26}},"12":{"start":{"line":20,"column":8},"end":{"line":20,"column":30}},"13":{"start":{"line":23,"column":8},"end":{"line":23,"column":54}},"14":{"start":{"line":27,"column":4},"end":{"line":27,"column":14}},"15":{"start":{"line":30,"column":2},"end":{"line":32,"column":3}},"16":{"start":{"line":31,"column":4},"end":{"line":31,"column":67}},"17":{"start":{"line":34,"column":2},"end":{"line":65,"column":4}}},"fnMap":{"0":{"name":"(anonymous_0)","decl":{"start":{"line":6,"column":20},"end":{"line":6,"column":21}},"loc":{"start":{"line":6,"column":26},"end":{"line":66,"column":1}},"line":6},"1":{"name":"(anonymous_1)","decl":{"start":{"line":10,"column":14},"end":{"line":10,"column":15}},"loc":{"start":{"line":10,"column":20},"end":{"line":10,"column":43}},"line":10},"2":{"name":"(anonymous_2)","decl":{"start":{"line":11,"column":19},"end":{"line":11,"column":20}},"loc":{"start":{"line":11,"column":25},"end":{"line":11,"column":42}},"line":11},"3":{"name":"(anonymous_3)","decl":{"start":{"line":13,"column":12},"end":{"line":13,"column":13}},"loc":{"start":{"line":13,"column":18},"end":{"line":28,"column":3}},"line":13},"4":{"name":"(anonymous_4)","decl":{"start":{"line":14,"column":20},"end":{"line":14,"column":21}},"loc":{"start":{"line":14,"column":32},"end":{"line":25,"column":5}},"line":14}},"branchMap":{"0":{"loc":{"start":{"line":30,"column":2},"end":{"line":32,"column":3}},"type":"if","locations":[{"start":{"line":30,"column":2},"end":{"line":32,"column":3}},{"start":{},"end":{}}],"line":30},"1":{"loc":{"start":{"line":38,"column":15},"end":{"line":38,"column":216}},"type":"binary-expr","locations":[{"start":{"line":38,"column":15},"end":{"line":38,"column":33}},{"start":{"line":38,"column":37},"end":{"line":38,"column":216}}],"line":38},"2":{"loc":{"start":{"line":42,"column":49},"end":{"line":42,"column":82}},"type":"binary-expr","locations":[{"start":{"line":42,"column":49},"end":{"line":42,"column":63}},{"start":{"line":42,"column":67},"end":{"line":42,"column":82}}],"line":42},"3":{"loc":{"start":{"line":43,"column":38},"end":{"line":43,"column":62}},"type":"binary-expr","locations":[{"start":{"line":43,"column":38},"end":{"line":43,"column":48}},{"start":{"line":43,"column":52},"end":{"line":43,"column":62}}],"line":43},"4":{"loc":{"start":{"line":44,"column":38},"end":{"line":44,"column":62}},"type":"binary-expr","locations":[{"start":{"line":44,"column":38},"end":{"line":44,"column":48}},{"start":{"line":44,"column":52},"end":{"line":44,"column":62}}],"line":44},"5":{"loc":{"start":{"line":45,"column":43},"end":{"line":45,"column":71}},"type":"binary-expr","locations":[{"start":{"line":45,"column":43},"end":{"line":45,"column":55}},{"start":{"line":45,"column":59},"end":{"line":45,"column":71}}],"line":45},"6":{"loc":{"start":{"line":46,"column":61},"end":{"line":46,"column":85}},"type":"binary-expr","locations":[{"start":{"line":46,"column":61},"end":{"line":46,"column":76}},{"start":{"line":46,"column":80},"end":{"line":46,"column":85}}],"line":46},"7":{"loc":{"start":{"line":52,"column":9},"end":{"line":60,"column":9}},"type":"cond-expr","locations":[{"start":{"line":53,"column":10},"end":{"line":55,"column":19}},{"start":{"line":57,"column":10},"end":{"line":59,"column":19}}],"line":52},"8":{"loc":{"start":{"line":52,"column":9},"end":{"line":52,"column":67}},"type":"binary-expr","locations":[{"start":{"line":52,"column":9},"end":{"line":52,"column":23}},{"start":{"line":52,"column":27},"end":{"line":52,"column":37}},{"start":{"line":52,"column":41},"end":{"line":52,"column":51}},{"start":{"line":52,"column":55},"end":{"line":52,"column":67}}],"line":52}},"s":{"0":1,"1":12,"2":12,"3":12,"4":1,"5":12,"6":1,"7":12,"8":7,"9":7,"10":7,"11":5,"12":5,"13":1,"14":7,"15":12,"16":7,"17":5},"f":{"0":12,"1":1,"2":1,"3":7,"4":7},"b":{"0":[7,5],"1":[5,2],"2":[5,2],"3":[5,2],"4":[5,2],"5":[5,2],"6":[5,5],"7":[3,2],"8":[5,3,3,3]},"_coverageSchema":"1a1c01bbd47fc00a2c39e90264f33305004495a9","hash":"61009c443fded5db144ef77d35d523b7749f48c3"}
,"C:\\Users\\rkati\\OneDrive\\Desktop\\foodapp\\Frontend\\food\\src\\base\\Logoutbtn.jsx": {"path":"C:\\Users\\rkati\\OneDrive\\Desktop\\foodapp\\Frontend\\food\\src\\base\\Logoutbtn.jsx","statementMap":{"0":{"start":{"line":3,"column":18},"end":{"line":12,"column":1}},"1":{"start":{"line":4,"column":2},"end":{"line":11,"column":3}}},"fnMap":{"0":{"name":"(anonymous_0)","decl":{"start":{"line":3,"column":18},"end":{"line":3,"column":19}},"loc":{"start":{"line":3,"column":24},"end":{"line":12,"column":1}},"line":3}},"branchMap":{},"s":{"0":1,"1":5},"f":{"0":5},"b":{},"_coverageSchema":"1a1c01bbd47fc00a2c39e90264f33305004495a9","hash":"b4b7526127f8cf8fe38a071f6838555793a2273d"}
,"C:\\Users\\rkati\\OneDrive\\Desktop\\foodapp\\Frontend\\food\\src\\components\\LoginForm.jsx": {"path":"C:\\Users\\rkati\\OneDrive\\Desktop\\foodapp\\Frontend\\food\\src\\components\\LoginForm.jsx","statementMap":{"0":{"start":{"line":9,"column":18},"end":{"line":68,"column":1}},"1":{"start":{"line":10,"column":26},"end":{"line":10,"column":66}},"2":{"start":{"line":11,"column":28},"end":{"line":11,"column":40}},"3":{"start":{"line":14,"column":22},"end":{"line":36,"column":3}},"4":{"start":{"line":15,"column":4},"end":{"line":15,"column":23}},"5":{"start":{"line":16,"column":4},"end":{"line":16,"column":17}},"6":{"start":{"line":18,"column":4},"end":{"line":35,"column":5}},"7":{"start":{"line":19,"column":18},"end":{"line":21,"column":8}},"8":{"start":{"line":24,"column":6},"end":{"line":24,"column":58}},"9":{"start":{"line":25,"column":6},"end":{"line":25,"column":37}},"10":{"start":{"line":28,"column":6},"end":{"line":28,"column":41}},"11":{"start":{"line":29,"column":6},"end":{"line":31,"column":15}},"12":{"start":{"line":30,"column":8},"end":{"line":30,"column":39}},"13":{"start":{"line":33,"column":6},"end":{"line":33,"column":31}},"14":{"start":{"line":34,"column":6},"end":{"line":34,"column":35}},"15":{"start":{"line":38,"column":2},"end":{"line":67,"column":4}},"16":{"start":{"line":47,"column":27},"end":{"line":47,"column":73}},"17":{"start":{"line":53,"column":27},"end":{"line":53,"column":73}}},"fnMap":{"0":{"name":"(anonymous_0)","decl":{"start":{"line":9,"column":18},"end":{"line":9,"column":19}},"loc":{"start":{"line":9,"column":24},"end":{"line":68,"column":1}},"line":9},"1":{"name":"(anonymous_1)","decl":{"start":{"line":14,"column":22},"end":{"line":14,"column":23}},"loc":{"start":{"line":14,"column":35},"end":{"line":36,"column":3}},"line":14},"2":{"name":"(anonymous_2)","decl":{"start":{"line":29,"column":17},"end":{"line":29,"column":18}},"loc":{"start":{"line":29,"column":23},"end":{"line":31,"column":7}},"line":29},"3":{"name":"(anonymous_3)","decl":{"start":{"line":47,"column":20},"end":{"line":47,"column":21}},"loc":{"start":{"line":47,"column":27},"end":{"line":47,"column":73}},"line":47},"4":{"name":"(anonymous_4)","decl":{"start":{"line":53,"column":20},"end":{"line":53,"column":21}},"loc":{"start":{"line":53,"column":27},"end":{"line":53,"column":73}},"line":53}},"branchMap":{"0":{"loc":{"start":{"line":42,"column":9},"end":{"line":42,"column":87}},"type":"binary-expr","locations":[{"start":{"line":42,"column":9},"end":{"line":42,"column":14}},{"start":{"line":42,"column":18},"end":{"line":42,"column":87}}],"line":42}},"s":{"0":1,"1":10,"2":10,"3":10,"4":2,"5":2,"6":2,"7":2,"8":1,"9":1,"10":1,"11":1,"12":0,"13":1,"14":1,"15":10,"16":2,"17":2},"f":{"0":10,"1":2,"2":0,"3":2,"4":2},"b":{"0":[10,1]},"_coverageSchema":"1a1c01bbd47fc00a2c39e90264f33305004495a9","hash":"30b5f85d49e452890b3753ab17c33f6feb73aed3"}
,"C:\\Users\\rkati\\OneDrive\\Desktop\\foodapp\\Frontend\\food\\src\\components\\Logout.jsx": {"path":"C:\\Users\\rkati\\OneDrive\\Desktop\\foodapp\\Frontend\\food\\src\\components\\Logout.jsx","statementMap":{"0":{"start":{"line":5,"column":18},"end":{"line":26,"column":1}},"1":{"start":{"line":6,"column":19},"end":{"line":6,"column":32}},"2":{"start":{"line":8,"column":23},"end":{"line":19,"column":3}},"3":{"start":{"line":9,"column":4},"end":{"line":18,"column":5}},"4":{"start":{"line":10,"column":6},"end":{"line":10,"column":90}},"5":{"start":{"line":12,"column":6},"end":{"line":12,"column":42}},"6":{"start":{"line":15,"column":6},"end":{"line":15,"column":25}},"7":{"start":{"line":17,"column":6},"end":{"line":17,"column":43}},"8":{"start":{"line":21,"column":2},"end":{"line":25,"column":4}}},"fnMap":{"0":{"name":"(anonymous_0)","decl":{"start":{"line":5,"column":18},"end":{"line":5,"column":19}},"loc":{"start":{"line":5,"column":24},"end":{"line":26,"column":1}},"line":5},"1":{"name":"(anonymous_1)","decl":{"start":{"line":8,"column":23},"end":{"line":8,"column":24}},"loc":{"start":{"line":8,"column":35},"end":{"line":19,"column":3}},"line":8}},"branchMap":{},"s":{"0":1,"1":2,"2":2,"3":2,"4":2,"5":1,"6":1,"7":1,"8":2},"f":{"0":2,"1":2},"b":{},"_coverageSchema":"1a1c01bbd47fc00a2c39e90264f33305004495a9","hash":"1ee1499f97d4853fd07b246ef06510139d32754c"}
,"C:\\Users\\rkati\\OneDrive\\Desktop\\foodapp\\Frontend\\food\\src\\components\\signupForm.jsx": {"path":"C:\\Users\\rkati\\OneDrive\\Desktop\\foodapp\\Frontend\\food\\src\\components\\signupForm.jsx","statementMap":{"0":{"start":{"line":7,"column":19},"end":{"line":86,"column":1}},"1":{"start":{"line":8,"column":26},"end":{"line":8,"column":66}},"2":{"start":{"line":9,"column":27},"end":{"line":9,"column":39}},"3":{"start":{"line":11,"column":17},"end":{"line":11,"column":30}},"4":{"start":{"line":14,"column":23},"end":{"line":28,"column":3}},"5":{"start":{"line":15,"column":4},"end":{"line":15,"column":23}},"6":{"start":{"line":16,"column":4},"end":{"line":16,"column":16}},"7":{"start":{"line":17,"column":4},"end":{"line":27,"column":5}},"8":{"start":{"line":18,"column":6},"end":{"line":18,"column":65}},"9":{"start":{"line":19,"column":6},"end":{"line":19,"column":44}},"10":{"start":{"line":20,"column":6},"end":{"line":20,"column":45}},"11":{"start":{"line":21,"column":6},"end":{"line":23,"column":15}},"12":{"start":{"line":22,"column":8},"end":{"line":22,"column":26}},"13":{"start":{"line":25,"column":7},"end":{"line":25,"column":45}},"14":{"start":{"line":26,"column":6},"end":{"line":26,"column":36}},"15":{"start":{"line":30,"column":2},"end":{"line":85,"column":4}},"16":{"start":{"line":54,"column":29},"end":{"line":54,"column":75}},"17":{"start":{"line":65,"column":29},"end":{"line":65,"column":75}}},"fnMap":{"0":{"name":"(anonymous_0)","decl":{"start":{"line":7,"column":19},"end":{"line":7,"column":20}},"loc":{"start":{"line":7,"column":25},"end":{"line":86,"column":1}},"line":7},"1":{"name":"(anonymous_1)","decl":{"start":{"line":14,"column":23},"end":{"line":14,"column":24}},"loc":{"start":{"line":14,"column":36},"end":{"line":28,"column":3}},"line":14},"2":{"name":"(anonymous_2)","decl":{"start":{"line":21,"column":17},"end":{"line":21,"column":18}},"loc":{"start":{"line":21,"column":23},"end":{"line":23,"column":7}},"line":21},"3":{"name":"(anonymous_3)","decl":{"start":{"line":54,"column":22},"end":{"line":54,"column":23}},"loc":{"start":{"line":54,"column":29},"end":{"line":54,"column":75}},"line":54},"4":{"name":"(anonymous_4)","decl":{"start":{"line":65,"column":22},"end":{"line":65,"column":23}},"loc":{"start":{"line":65,"column":29},"end":{"line":65,"column":75}},"line":65}},"branchMap":{"0":{"loc":{"start":{"line":42,"column":11},"end":{"line":44,"column":9}},"type":"binary-expr","locations":[{"start":{"line":42,"column":11},"end":{"line":42,"column":16}},{"start":{"line":43,"column":10},"end":{"line":43,"column":79}}],"line":42}},"s":{"0":2,"1":10,"2":10,"3":10,"4":10,"5":2,"6":2,"7":2,"8":2,"9":1,"10":1,"11":1,"12":1,"13":1,"14":1,"15":10,"16":2,"17":2},"f":{"0":10,"1":2,"2":1,"3":2,"4":2},"b":{"0":[10,1]},"_coverageSchema":"1a1c01bbd47fc00a2c39e90264f33305004495a9","hash":"5d5f394d323b1926fe4d825dadcf2b131f7ea984"}
,"C:\\Users\\rkati\\OneDrive\\Desktop\\foodapp\\Frontend\\food\\src\\pages\\MenuHomepage.jsx": {"path":"C:\\Users\\rkati\\OneDrive\\Desktop\\foodapp\\Frontend\\food\\src\\pages\\MenuHomepage.jsx","statementMap":{"0":{"start":{"line":7,"column":21},"end":{"line":67,"column":1}},"1":{"start":{"line":8,"column":26},"end":{"line":8,"column":38}},"2":{"start":{"line":10,"column":17},"end":{"line":10,"column":30}},"3":{"start":{"line":12,"column":2},"end":{"line":26,"column":9}},"4":{"start":{"line":13,"column":24},"end":{"line":23,"column":5}},"5":{"start":{"line":14,"column":6},"end":{"line":22,"column":7}},"6":{"start":{"line":15,"column":25},"end":{"line":15,"column":75}},"7":{"start":{"line":16,"column":8},"end":{"line":16,"column":31}},"8":{"start":{"line":21,"column":8},"end":{"line":21,"column":52}},"9":{"start":{"line":25,"column":4},"end":{"line":25,"column":18}},"10":{"start":{"line":35,"column":2},"end":{"line":66,"column":4}},"11":{"start":{"line":38,"column":8},"end":{"line":63,"column":14}}},"fnMap":{"0":{"name":"(anonymous_0)","decl":{"start":{"line":7,"column":21},"end":{"line":7,"column":22}},"loc":{"start":{"line":7,"column":27},"end":{"line":67,"column":1}},"line":7},"1":{"name":"(anonymous_1)","decl":{"start":{"line":12,"column":12},"end":{"line":12,"column":13}},"loc":{"start":{"line":12,"column":18},"end":{"line":26,"column":3}},"line":12},"2":{"name":"(anonymous_2)","decl":{"start":{"line":13,"column":24},"end":{"line":13,"column":25}},"loc":{"start":{"line":13,"column":36},"end":{"line":23,"column":5}},"line":13},"3":{"name":"(anonymous_3)","decl":{"start":{"line":37,"column":16},"end":{"line":37,"column":17}},"loc":{"start":{"line":38,"column":8},"end":{"line":63,"column":14}},"line":38}},"branchMap":{"0":{"loc":{"start":{"line":45,"column":17},"end":{"line":45,"column":68}},"type":"binary-expr","locations":[{"start":{"line":45,"column":17},"end":{"line":45,"column":27}},{"start":{"line":45,"column":31},"end":{"line":45,"column":68}}],"line":45},"1":{"loc":{"start":{"line":55,"column":15},"end":{"line":55,"column":51}},"type":"binary-expr","locations":[{"start":{"line":55,"column":15},"end":{"line":55,"column":31}},{"start":{"line":55,"column":35},"end":{"line":55,"column":51}}],"line":55}},"s":{"0":1,"1":7,"2":7,"3":7,"4":4,"5":4,"6":4,"7":3,"8":1,"9":4,"10":7,"11":6},"f":{"0":7,"1":4,"2":4,"3":6},"b":{"0":[6,3],"1":[6,3]},"_coverageSchema":"1a1c01bbd47fc00a2c39e90264f33305004495a9","hash":"dac799bdfcc07b331c514cef30f6746479e6db2e"}
}
