TN:
SF:src\Profile\Addprofile.jsx
FN:7,(anonymous_0)
FN:17,(anonymous_1)
FN:21,(anonymous_2)
FNF:3
FNH:3
FNDA:13,(anonymous_0)
FNDA:10,(anonymous_1)
FNDA:2,(anonymous_2)
DA:7,2
DA:8,13
DA:17,13
DA:18,10
DA:21,13
DA:22,2
DA:23,2
DA:24,2
DA:27,1
DA:34,1
DA:35,1
DA:38,1
DA:39,1
DA:43,13
LF:14
LH:14
BRF:0
BRH:0
end_of_record
TN:
SF:src\Profile\Editprofile.jsx
FN:7,(anonymous_0)
FN:19,(anonymous_1)
FN:23,(anonymous_2)
FN:45,(anonymous_3)
FN:47,(anonymous_4)
FN:50,(anonymous_5)
FN:68,(anonymous_6)
FN:96,(anonymous_7)
FNF:8
FNH:8
FNDA:12,(anonymous_0)
FNDA:5,(anonymous_1)
FNDA:5,(anonymous_2)
FNDA:4,(anonymous_3)
FNDA:4,(anonymous_4)
FNDA:2,(anonymous_5)
FNDA:2,(anonymous_6)
FNDA:60,(anonymous_7)
DA:7,1
DA:8,12
DA:16,12
DA:19,12
DA:20,5
DA:23,12
DA:24,5
DA:25,5
DA:30,5
DA:31,4
DA:40,1
DA:41,1
DA:45,12
DA:46,4
DA:47,4
DA:50,12
DA:51,2
DA:52,2
DA:55,1
DA:56,1
DA:58,1
DA:59,1
DA:63,12
DA:69,2
DA:70,2
DA:96,1
DA:97,60
LF:27
LH:27
BRDA:32,0,0,4
BRDA:32,0,1,0
BRDA:33,1,0,4
BRDA:33,1,1,0
BRDA:34,2,0,4
BRDA:34,2,1,1
BRDA:35,3,0,4
BRDA:35,3,1,1
BRDA:36,4,0,4
BRDA:36,4,1,1
BRDA:96,5,0,48
BRF:11
BRH:9
end_of_record
TN:
SF:src\Profile\UserProfile.jsx
FN:6,(anonymous_0)
FN:10,(anonymous_1)
FN:11,(anonymous_2)
FN:13,(anonymous_3)
FN:14,(anonymous_4)
FNF:5
FNH:5
FNDA:12,(anonymous_0)
FNDA:1,(anonymous_1)
FNDA:1,(anonymous_2)
FNDA:7,(anonymous_3)
FNDA:7,(anonymous_4)
DA:6,1
DA:7,12
DA:8,12
DA:10,12
DA:11,12
DA:13,12
DA:14,7
DA:15,7
DA:16,7
DA:19,5
DA:20,5
DA:23,1
DA:27,7
DA:30,12
DA:31,7
DA:34,5
LF:16
LH:16
BRDA:30,0,0,7
BRDA:30,0,1,5
BRDA:38,1,0,5
BRDA:38,1,1,2
BRDA:42,2,0,5
BRDA:42,2,1,2
BRDA:43,3,0,5
BRDA:43,3,1,2
BRDA:44,4,0,5
BRDA:44,4,1,2
BRDA:45,5,0,5
BRDA:45,5,1,2
BRDA:46,6,0,5
BRDA:46,6,1,5
BRDA:52,7,0,3
BRDA:52,7,1,2
BRDA:52,8,0,5
BRDA:52,8,1,3
BRDA:52,8,2,3
BRDA:52,8,3,3
BRF:20
BRH:20
end_of_record
TN:
SF:src\base\Logoutbtn.jsx
FN:3,(anonymous_0)
FNF:1
FNH:1
FNDA:5,(anonymous_0)
DA:3,1
DA:4,5
LF:2
LH:2
BRF:0
BRH:0
end_of_record
TN:
SF:src\components\LoginForm.jsx
FN:9,(anonymous_0)
FN:14,(anonymous_1)
FN:29,(anonymous_2)
FN:47,(anonymous_3)
FN:53,(anonymous_4)
FNF:5
FNH:4
FNDA:10,(anonymous_0)
FNDA:2,(anonymous_1)
FNDA:0,(anonymous_2)
FNDA:2,(anonymous_3)
FNDA:2,(anonymous_4)
DA:9,1
DA:10,10
DA:11,10
DA:14,10
DA:15,2
DA:16,2
DA:18,2
DA:19,2
DA:24,1
DA:25,1
DA:28,1
DA:29,1
DA:30,0
DA:33,1
DA:34,1
DA:38,10
DA:47,2
DA:53,2
LF:18
LH:17
BRDA:42,0,0,10
BRDA:42,0,1,1
BRF:2
BRH:2
end_of_record
TN:
SF:src\components\Logout.jsx
FN:5,(anonymous_0)
FN:8,(anonymous_1)
FNF:2
FNH:2
FNDA:2,(anonymous_0)
FNDA:2,(anonymous_1)
DA:5,1
DA:6,2
DA:8,2
DA:9,2
DA:10,2
DA:12,1
DA:15,1
DA:17,1
DA:21,2
LF:9
LH:9
BRF:0
BRH:0
end_of_record
TN:
SF:src\components\signupForm.jsx
FN:7,(anonymous_0)
FN:14,(anonymous_1)
FN:21,(anonymous_2)
FN:54,(anonymous_3)
FN:65,(anonymous_4)
FNF:5
FNH:5
FNDA:10,(anonymous_0)
FNDA:2,(anonymous_1)
FNDA:1,(anonymous_2)
FNDA:2,(anonymous_3)
FNDA:2,(anonymous_4)
DA:7,2
DA:8,10
DA:9,10
DA:11,10
DA:14,10
DA:15,2
DA:16,2
DA:17,2
DA:18,2
DA:19,1
DA:20,1
DA:21,1
DA:22,1
DA:25,1
DA:26,1
DA:30,10
DA:54,2
DA:65,2
LF:18
LH:18
BRDA:42,0,0,10
BRDA:42,0,1,1
BRF:2
BRH:2
end_of_record
TN:
SF:src\pages\MenuHomepage.jsx
FN:7,(anonymous_0)
FN:12,(anonymous_1)
FN:13,(anonymous_2)
FN:37,(anonymous_3)
FNF:4
FNH:4
FNDA:7,(anonymous_0)
FNDA:4,(anonymous_1)
FNDA:4,(anonymous_2)
FNDA:6,(anonymous_3)
DA:7,1
DA:8,7
DA:10,7
DA:12,7
DA:13,4
DA:14,4
DA:15,4
DA:16,3
DA:21,1
DA:25,4
DA:35,7
DA:38,6
LF:12
LH:12
BRDA:45,0,0,6
BRDA:45,0,1,3
BRDA:55,1,0,6
BRDA:55,1,1,3
BRF:4
BRH:4
end_of_record
